<?xml version="1.0" encoding="UTF-8"?>
<!-- Generated by org.testng.reporters.JUnitXMLReporter -->
<testsuite ignored="0" hostname="CC-LT001048" failures="0" tests="3" name="Default test" time="12.782" errors="0" timestamp="2024-02-26T12:23:01 IST">
  <testcase classname="tests.LoginTest" name="loginPageNavigationTest" time="0.85"/>
  <testcase classname="tests.LoginTest" name="forgetPasswordLinkExitTest" time="0.808"/>
  <testcase classname="tests.LoginTest" name="appLoginTest" time="1.849"/>
</testsuite> <!-- Default test -->
