<?xml version="1.0" encoding="UTF-8"?>
<!-- Generated by org.testng.reporters.JUnitXMLReporter -->
<testsuite ignored="0" hostname="CC-LT001048" failures="0" tests="5" name="Open Cart HomeTest" time="17.149" errors="0" timestamp="2024-02-27T10:05:00 IST">
  <testcase classname="tests.HomeTest" name="verifyHomePageUrl" time="0.007"/>
  <testcase classname="tests.HomeTest" name="verifyHomePageTitle" time="0.01"/>
  <testcase classname="tests.HomeTest" name="verifyHomePageHeader" time="0.787"/>
  <testcase classname="tests.HomeTest" name="verifyHomePageHeader" time="0.528"/>
  <testcase classname="tests.HomeTest" name="verifyHomePageHeader" time="0.55"/>
</testsuite> <!-- Open Cart HomeTest -->
