<?xml version="1.0" encoding="UTF-8"?>
<!-- Generated by org.testng.reporters.JUnitXMLReporter -->
<testsuite ignored="0" hostname="CC-LT001048" failures="0" tests="3" name="Open Cart HomeTest" time="12.782" errors="0" timestamp="2024-02-29T17:22:06 IST">
  <testcase classname="tests.HomeTest" name="verifyHomePageUrl" time="0.032"/>
  <testcase classname="tests.HomeTest" name="verifyHomePageTitle" time="0.005"/>
  <testcase classname="tests.HomeTest" name="verifyHomePageHeader" time="0.973"/>
</testsuite> <!-- Open Cart HomeTest -->
