<?xml version="1.0" encoding="UTF-8"?>
<!-- Generated by org.testng.reporters.JUnitXMLReporter -->
<testsuite ignored="0" hostname="CC-LT001048" failures="0" tests="3" name="Open Cart Login Test" time="24.192" errors="0" timestamp="2024-02-29T17:22:17 IST">
  <testcase classname="tests.LoginTest" name="loginPageNavigationTest" time="0.638"/>
  <testcase classname="tests.LoginTest" name="forgetPasswordLinkExitTest" time="0.595"/>
  <testcase classname="tests.LoginTest" name="appLoginTest" time="1.788"/>
</testsuite> <!-- Open Cart Login Test -->
