<?xml version="1.0" encoding="UTF-8"?>
<!-- Generated by org.testng.reporters.JUnitXMLReporter -->
<testsuite ignored="0" hostname="CC-LT001048" failures="0" tests="3" name="Open Cart Login Test" time="17.043" errors="0" timestamp="2024-02-27T10:05:00 IST">
  <testcase classname="tests.LoginTest" name="loginPageNavigationTest" time="0.859"/>
  <testcase classname="tests.LoginTest" name="forgetPasswordLinkExitTest" time="0.65"/>
  <testcase classname="tests.LoginTest" name="appLoginTest" time="1.385"/>
</testsuite> <!-- Open Cart Login Test -->
