<?xml version="1.0" encoding="UTF-8"?>
<!-- Generated by org.testng.reporters.JUnitXMLReporter -->
<testsuite ignored="3" hostname="CC-LT001048" failures="3" tests="8" name="Test" time="11.934" errors="0" timestamp="2024-02-26T12:25:23 IST">
  <testcase classname="tests.LoginTest" name="loginPageNavigationTest" time="0.024">
    <failure type="java.lang.NullPointerException" message="Cannot invoke &amp;quot;pages.HomePage.navigateToLoginPage()&amp;quot; because &amp;quot;this.homePage&amp;quot; is null">
      <![CDATA[java.lang.NullPointerException: Cannot invoke "pages.HomePage.navigateToLoginPage()" because "this.homePage" is null
at tests.LoginTest.loginPageNavigationTest(LoginTest.java:16)
at java.base/java.util.ArrayList.forEach(ArrayList.java:1596)
... Removed 25 stack frames]]>
    </failure>
  </testcase> <!-- loginPageNavigationTest -->
  <testcase classname="tests.HomeTest" name="verifyHomePageUrl" time="0.004"/>
  <testcase classname="tests.LoginTest" name="forgetPasswordLinkExitTest" time="0.001">
    <failure type="java.lang.NullPointerException" message="Cannot invoke &amp;quot;pages.HomePage.navigateToLoginPage()&amp;quot; because &amp;quot;this.homePage&amp;quot; is null">
      <![CDATA[java.lang.NullPointerException: Cannot invoke "pages.HomePage.navigateToLoginPage()" because "this.homePage" is null
at tests.LoginTest.forgetPasswordLinkExitTest(LoginTest.java:25)
at java.base/java.util.ArrayList.forEach(ArrayList.java:1596)
... Removed 25 stack frames]]>
    </failure>
  </testcase> <!-- forgetPasswordLinkExitTest -->
  <testcase classname="tests.HomeTest" name="verifyHomePageTitle" time="0.013"/>
  <testcase classname="tests.LoginTest" name="appLoginTest" time="0.002">
    <failure type="java.lang.NullPointerException" message="Cannot invoke &amp;quot;pages.HomePage.navigateToLoginPage()&amp;quot; because &amp;quot;this.homePage&amp;quot; is null">
      <![CDATA[java.lang.NullPointerException: Cannot invoke "pages.HomePage.navigateToLoginPage()" because "this.homePage" is null
at tests.LoginTest.appLoginTest(LoginTest.java:31)
at java.base/java.util.ArrayList.forEach(ArrayList.java:1596)
... Removed 25 stack frames]]>
    </failure>
  </testcase> <!-- appLoginTest -->
  <testcase classname="tests.HomeTest" name="verifyHomePageHeader" time="0.903"/>
  <testcase classname="tests.HomeTest" name="verifyHomePageHeader" time="0.74"/>
  <testcase classname="tests.HomeTest" name="verifyHomePageHeader" time="0.82"/>
  <testcase classname="base.BaseTest" name="@BeforeTest setUp" time="0.0">
    <ignored/>
  </testcase> <!-- @BeforeTest setUp -->
  <testcase classname="base.BaseTest" name="@AfterTest tearDown" time="0.0">
    <ignored/>
  </testcase> <!-- @AfterTest tearDown -->
  <testcase classname="base.BaseTest" name="@BeforeSuite loadPropertyFile" time="0.0">
    <ignored/>
  </testcase> <!-- @BeforeSuite loadPropertyFile -->
</testsuite> <!-- Test -->
