<?xml version="1.0" encoding="UTF-8"?>
<testng-results ignored="0" total="6" passed="6" failed="0" skipped="0">
  <reporter-output>
  </reporter-output>
  <suite started-at="2024-02-29T17:21:53 IST" name="Suite" finished-at="2024-02-29T17:22:17 IST" duration-ms="24192">
    <groups>
    </groups>
    <test started-at="2024-02-29T17:21:53 IST" name="Open Cart HomeTest" finished-at="2024-02-29T17:22:06 IST" duration-ms="12782">
      <class name="tests.HomeTest">
        <test-method is-config="true" signature="setUp()[pri:0, instance:tests.HomeTest@3daa422a]" started-at="2024-02-29T17:21:53 IST" name="setUp" finished-at="2024-02-29T17:22:03 IST" duration-ms="10335" status="PASS">
          <reporter-output>
          </reporter-output>
        </test-method> <!-- setUp -->
        <test-method signature="verifyHomePageUrl()[pri:1, instance:tests.HomeTest@3daa422a]" started-at="2024-02-29T17:22:04 IST" name="verifyHomePageUrl" finished-at="2024-02-29T17:22:04 IST" duration-ms="32" status="PASS">
          <reporter-output>
          </reporter-output>
        </test-method> <!-- verifyHomePageUrl -->
        <test-method signature="verifyHomePageTitle()[pri:2, instance:tests.HomeTest@3daa422a]" started-at="2024-02-29T17:22:04 IST" name="verifyHomePageTitle" finished-at="2024-02-29T17:22:04 IST" duration-ms="5" status="PASS">
          <reporter-output>
          </reporter-output>
        </test-method> <!-- verifyHomePageTitle -->
        <test-method signature="verifyHomePageHeader(java.lang.String)[pri:3, instance:tests.HomeTest@3daa422a]" started-at="2024-02-29T17:22:04 IST" name="verifyHomePageHeader" data-provider="getDataProvider" finished-at="2024-02-29T17:22:05 IST" duration-ms="973" status="PASS">
          <params>
            <param index="0">
              <value>
                <![CDATA[Samsung]]>
              </value>
            </param>
          </params>
          <reporter-output>
          </reporter-output>
        </test-method> <!-- verifyHomePageHeader -->
        <test-method is-config="true" signature="tearDown()[pri:0, instance:tests.HomeTest@3daa422a]" started-at="2024-02-29T17:22:05 IST" name="tearDown" finished-at="2024-02-29T17:22:06 IST" duration-ms="354" status="PASS">
          <reporter-output>
          </reporter-output>
        </test-method> <!-- tearDown -->
      </class> <!-- tests.HomeTest -->
    </test> <!-- Open Cart HomeTest -->
    <test started-at="2024-02-29T17:21:53 IST" name="Open Cart Login Test" finished-at="2024-02-29T17:22:17 IST" duration-ms="24192">
      <class name="tests.LoginTest">
        <test-method is-config="true" signature="loadPropertyFile()[pri:0, instance:tests.LoginTest@5e0826e7]" started-at="2024-02-29T17:21:53 IST" name="loadPropertyFile" finished-at="2024-02-29T17:21:53 IST" duration-ms="14" status="PASS">
          <reporter-output>
          </reporter-output>
        </test-method> <!-- loadPropertyFile -->
        <test-method is-config="true" signature="setUp()[pri:0, instance:tests.LoginTest@5e0826e7]" started-at="2024-02-29T17:21:53 IST" name="setUp" finished-at="2024-02-29T17:22:13 IST" duration-ms="20097" status="PASS">
          <reporter-output>
          </reporter-output>
        </test-method> <!-- setUp -->
        <test-method signature="loginPageNavigationTest()[pri:1, instance:tests.LoginTest@5e0826e7]" started-at="2024-02-29T17:22:13 IST" name="loginPageNavigationTest" finished-at="2024-02-29T17:22:14 IST" duration-ms="638" status="PASS">
          <reporter-output>
          </reporter-output>
        </test-method> <!-- loginPageNavigationTest -->
        <test-method signature="forgetPasswordLinkExitTest()[pri:2, instance:tests.LoginTest@5e0826e7]" started-at="2024-02-29T17:22:14 IST" name="forgetPasswordLinkExitTest" finished-at="2024-02-29T17:22:15 IST" duration-ms="595" status="PASS">
          <reporter-output>
          </reporter-output>
        </test-method> <!-- forgetPasswordLinkExitTest -->
        <test-method signature="appLoginTest()[pri:3, instance:tests.LoginTest@5e0826e7]" started-at="2024-02-29T17:22:15 IST" name="appLoginTest" finished-at="2024-02-29T17:22:17 IST" duration-ms="1788" status="PASS">
          <reporter-output>
          </reporter-output>
        </test-method> <!-- appLoginTest -->
        <test-method is-config="true" signature="tearDown()[pri:0, instance:tests.LoginTest@5e0826e7]" started-at="2024-02-29T17:22:17 IST" name="tearDown" finished-at="2024-02-29T17:22:17 IST" duration-ms="279" status="PASS">
          <reporter-output>
          </reporter-output>
        </test-method> <!-- tearDown -->
      </class> <!-- tests.LoginTest -->
    </test> <!-- Open Cart Login Test -->
  </suite> <!-- Suite -->
</testng-results>
